-------------------------------------------------------------------------------
Test set: com.bridgelabz.fundoonote.UserControllerTest
-------------------------------------------------------------------------------
Tests run: 1, Failures: 0, Errors: 1, Skipped: 0, Time elapsed: 0.495 s <<< FAILURE! - in com.bridgelabz.fundoonote.UserControllerTest
verifyRegisterUser(com.bridgelabz.fundoonote.UserControllerTest)  Time elapsed: 0 s  <<< ERROR!
java.lang.IllegalStateException: Failed to load ApplicationContext
Caused by: org.springframework.beans.factory.UnsatisfiedDependencyException: Error creating bean with name 'noteController': Unsatisfied dependency expressed through field 'noteService'; nested exception is org.springframework.beans.factory.UnsatisfiedDependencyException: Error creating bean with name 'noteServiceImplementation': Unsatisfied dependency expressed through field 'noteRepository'; nested exception is org.springframework.beans.factory.BeanCreationException: Error creating bean with name 'noteRepository': Invocation of init method failed; nested exception is org.springframework.data.mapping.PropertyReferenceException: No property delete found for type Note!
Caused by: org.springframework.beans.factory.UnsatisfiedDependencyException: Error creating bean with name 'noteServiceImplementation': Unsatisfied dependency expressed through field 'noteRepository'; nested exception is org.springframework.beans.factory.BeanCreationException: Error creating bean with name 'noteRepository': Invocation of init method failed; nested exception is org.springframework.data.mapping.PropertyReferenceException: No property delete found for type Note!
Caused by: org.springframework.beans.factory.BeanCreationException: Error creating bean with name 'noteRepository': Invocation of init method failed; nested exception is org.springframework.data.mapping.PropertyReferenceException: No property delete found for type Note!
Caused by: org.springframework.data.mapping.PropertyReferenceException: No property delete found for type Note!

