-------------------------------------------------------------------------------
Test set: com.bridgelabz.fundoonote.FundoonoteApplicationTests
-------------------------------------------------------------------------------
Tests run: 1, Failures: 0, Errors: 1, Skipped: 0, Time elapsed: 3.041 s <<< FAILURE! - in com.bridgelabz.fundoonote.FundoonoteApplicationTests
contextLoads(com.bridgelabz.fundoonote.FundoonoteApplicationTests)  Time elapsed: 0.001 s  <<< ERROR!
java.lang.IllegalStateException: Failed to load ApplicationContext
Caused by: org.springframework.beans.factory.UnsatisfiedDependencyException: Error creating bean with name 'noteController': Unsatisfied dependency expressed through field 'noteService'; nested exception is org.springframework.beans.factory.UnsatisfiedDependencyException: Error creating bean with name 'noteServiceImplementation': Unsatisfied dependency expressed through field 'labelRepository'; nested exception is org.springframework.beans.factory.BeanCreationException: Error creating bean with name 'labelRepository': Invocation of init method failed; nested exception is org.springframework.data.mapping.PropertyReferenceException: No property findAllLabelName found for type Label!
Caused by: org.springframework.beans.factory.UnsatisfiedDependencyException: Error creating bean with name 'noteServiceImplementation': Unsatisfied dependency expressed through field 'labelRepository'; nested exception is org.springframework.beans.factory.BeanCreationException: Error creating bean with name 'labelRepository': Invocation of init method failed; nested exception is org.springframework.data.mapping.PropertyReferenceException: No property findAllLabelName found for type Label!
Caused by: org.springframework.beans.factory.BeanCreationException: Error creating bean with name 'labelRepository': Invocation of init method failed; nested exception is org.springframework.data.mapping.PropertyReferenceException: No property findAllLabelName found for type Label!
Caused by: org.springframework.data.mapping.PropertyReferenceException: No property findAllLabelName found for type Label!

